Build started 15/08/2014 12:20:41.
     1>Project "c:\Users\Solomon\documents\visual studio 2012\Projects\Project3\Project3\Project3.vcxproj" on node 2 (Rebuild target(s)).
     1>ClCompile:
         C:\Program Files (x86)\Microsoft Visual Studio 11.0\VC\bin\CL.exe /c /IC:\Users\Solomon\Documents\Leap\LeapDeveloperKit_2.0.2+16391_win\LeapSDK\include /I"C:\Program Files\VTK\include\vtk-6.2" /ZI /nologo /W3 /WX- /Od /Oy- /D _MBCS /Gm /EHsc /RTC1 /MDd /GS /fp:precise /Zc:wchar_t /Zc:forScope /Fo"Debug\\" /Fd"Debug\vc110.pdb" /Gd /TP /analyze- /errorReport:prompt ..\..\..\..\..\Desktop\Slicer_SRC\myVtkInteractorStyleImage.cpp ..\..\..\..\..\Desktop\Slicer_SRC\ReadImageData.cpp
         ReadImageData.cpp
         myVtkInteractorStyleImage.cpp
         Generating Code...
       Link:
         C:\Program Files (x86)\Microsoft Visual Studio 11.0\VC\bin\link.exe /ERRORREPORT:PROMPT /OUT:"c:\users\solomon\documents\visual studio 2012\Projects\Project3\Debug\Project3.exe" /INCREMENTAL /NOLOGO /LIBPATH:C:\Users\Solomon\Documents\Leap\LeapDeveloperKit_2.0.2+16391_win\LeapSDK\lib\x64 Leapd.lib kernel32.lib user32.lib gdi32.lib winspool.lib shell32.lib ole32.lib oleaut32.lib uuid.lib comdlg32.lib advapi32.lib "C:\Program Files\VTK\lib\vtkalglib-6.2.lib" "C:\Program Files\VTK\lib\vtkChartsCore-6.2.lib" "C:\Program Files\VTK\lib\vtkCommonColor-6.2.lib" "C:\Program Files\VTK\lib\vtkCommonDataModel-6.2.lib" "C:\Program Files\VTK\lib\vtkCommonMath-6.2.lib" "C:\Program Files\VTK\lib\vtkCommonCore-6.2.lib" "C:\Program Files\VTK\lib\vtksys-6.2.lib" "C:\Program Files\VTK\lib\vtkCommonMisc-6.2.lib" "C:\Program Files\VTK\lib\vtkCommonSystem-6.2.lib" "C:\Program Files\VTK\lib\vtkCommonTransforms-6.2.lib" "C:\Program Files\VTK\lib\vtkInfovisCore-6.2.lib" "C:\Program Files\VTK\lib\vtkFiltersExtraction-6.2.lib" "C:\Program Files\VTK\lib\vtkCommonExecutionModel-6.2.lib" "C:\Program Files\VTK\lib\vtkFiltersCore-6.2.lib" "C:\Program Files\VTK\lib\vtkFiltersGeneral-6.2.lib" "C:\Program Files\VTK\lib\vtkCommonComputationalGeometry-6.2.lib" "C:\Program Files\VTK\lib\vtkFiltersStatistics-6.2.lib" "C:\Program Files\VTK\lib\vtkImagingFourier-6.2.lib" "C:\Program Files\VTK\lib\vtkImagingCore-6.2.lib" "C:\Program Files\VTK\lib\vtkRenderingContext2D-6.2.lib" "C:\Program Files\VTK\lib\vtkRenderingCore-6.2.lib" "C:\Program Files\VTK\lib\vtkFiltersGeometry-6.2.lib" "C:\Program Files\VTK\lib\vtkFiltersSources-6.2.lib" "C:\Program Files\VTK\lib\vtkRenderingFreeType-6.2.lib" "C:\Program Files\VTK\lib\vtkfreetype-6.2.lib" "C:\Program Files\VTK\lib\vtkzlib-6.2.lib" "C:\Program Files\VTK\lib\vtkftgl-6.2.lib" "C:\Program Files\VTK\lib\vtkDICOMParser-6.2.lib" "C:\Program Files\VTK\lib\vtkDomainsChemistry-6.2.lib" "C:\Program Files\VTK\lib\vtkIOXML-6.2.lib" "C:\Program Files\VTK\lib\vtkIOGeometry-6.2.lib" "C:\Program Files\VTK\lib\vtkIOCore-6.2.lib" "C:\Program Files\VTK\lib\vtkjsoncpp-6.2.lib" "C:\Program Files\VTK\lib\vtkIOXMLParser-6.2.lib" "C:\Program Files\VTK\lib\vtkexpat-6.2.lib" "C:\Program Files\VTK\lib\vtkexoIIc-6.2.lib" "C:\Program Files\VTK\lib\vtkNetCDF-6.2.lib" "C:\Program Files\VTK\lib\vtkNetCDF_cxx-6.2.lib" "C:\Program Files\VTK\lib\vtkhdf5_hl-6.2.lib" "C:\Program Files\VTK\lib\vtkhdf5-6.2.lib" "C:\Program Files\VTK\lib\vtkFiltersAMR-6.2.lib" "C:\Program Files\VTK\lib\vtkParallelCore-6.2.lib" "C:\Program Files\VTK\lib\vtkIOLegacy-6.2.lib" "C:\Program Files\VTK\lib\vtkFiltersFlowPaths-6.2.lib" "C:\Program Files\VTK\lib\vtkFiltersGeneric-6.2.lib" "C:\Program Files\VTK\lib\vtkFiltersHybrid-6.2.lib" "C:\Program Files\VTK\lib\vtkImagingSources-6.2.lib" "C:\Program Files\VTK\lib\vtkFiltersHyperTree-6.2.lib" "C:\Program Files\VTK\lib\vtkFiltersImaging-6.2.lib" "C:\Program Files\VTK\lib\vtkImagingGeneral-6.2.lib" "C:\Program Files\VTK\lib\vtkFiltersModeling-6.2.lib" "C:\Program Files\VTK\lib\vtkFiltersParallel-6.2.lib" "C:\Program Files\VTK\lib\vtkFiltersParallelImaging-6.2.lib" "C:\Program Files\VTK\lib\vtkFiltersProgrammable-6.2.lib" "C:\Program Files\VTK\lib\vtkFiltersSelection-6.2.lib" "C:\Program Files\VTK\lib\vtkFiltersSMP-6.2.lib" "C:\Program Files\VTK\lib\vtkFiltersTexture-6.2.lib" "C:\Program Files\VTK\lib\vtkFiltersVerdict-6.2.lib" "C:\Program Files\VTK\lib\vtkverdict-6.2.lib" "C:\Program Files\VTK\lib\vtkGeovisCore-6.2.lib" "C:\Program Files\VTK\lib\vtkInfovisLayout-6.2.lib" "C:\Program Files\VTK\lib\vtkImagingHybrid-6.2.lib" "C:\Program Files\VTK\lib\vtkIOImage-6.2.lib" "C:\Program Files\VTK\lib\vtkmetaio-6.2.lib" "C:\Program Files\VTK\lib\vtkjpeg-6.2.lib" "C:\Program Files\VTK\lib\vtkpng-6.2.lib" "C:\Program Files\VTK\lib\vtktiff-6.2.lib" "C:\Program Files\VTK\lib\vtkInteractionStyle-6.2.lib" "C:\Program Files\VTK\lib\vtkInteractionWidgets-6.2.lib" "C:\Program Files\VTK\lib\vtkRenderingAnnotation-6.2.lib" "C:\Program Files\VTK\lib\vtkImagingColor-6.2.lib" "C:\Program Files\VTK\lib\vtkRenderingVolume-6.2.lib" "C:\Program Files\VTK\lib\vtkViewsCore-6.2.lib" "C:\Program Files\VTK\lib\vtkproj4-6.2.lib" "C:\Program Files\VTK\lib\vtkgl2ps-6.2.lib" "C:\Program Files\VTK\lib\vtkImagingMath-6.2.lib" "C:\Program Files\VTK\lib\vtkImagingMorphological-6.2.lib" "C:\Program Files\VTK\lib\vtkImagingStatistics-6.2.lib" "C:\Program Files\VTK\lib\vtkImagingStencil-6.2.lib" "C:\Program Files\VTK\lib\vtkInteractionImage-6.2.lib" "C:\Program Files\VTK\lib\vtkIOAMR-6.2.lib" "C:\Program Files\VTK\lib\vtkIOEnSight-6.2.lib" "C:\Program Files\VTK\lib\vtkIOExodus-6.2.lib" "C:\Program Files\VTK\lib\vtkIOExport-6.2.lib" "C:\Program Files\VTK\lib\vtkRenderingGL2PS-6.2.lib" "C:\Program Files\VTK\lib\vtkRenderingContextOpenGL-6.2.lib" "C:\Program Files\VTK\lib\vtkRenderingOpenGL-6.2.lib" "C:\Program Files\VTK\lib\vtkRenderingLabel-6.2.lib" "C:\Program Files\VTK\lib\vtkIOImport-6.2.lib" "C:\Program Files\VTK\lib\vtkIOInfovis-6.2.lib" "C:\Program Files\VTK\lib\vtklibxml2-6.2.lib" "C:\Program Files\VTK\lib\vtkIOLSDyna-6.2.lib" "C:\Program Files\VTK\lib\vtkIOMINC-6.2.lib" "C:\Program Files\VTK\lib\vtkIOMovie-6.2.lib" "C:\Program Files\VTK\lib\vtkIONetCDF-6.2.lib" "C:\Program Files\VTK\lib\vtkIOParallel-6.2.lib" "C:\Program Files\VTK\lib\vtkIOParallelXML-6.2.lib" "C:\Program Files\VTK\lib\vtkIOPLY-6.2.lib" "C:\Program Files\VTK\lib\vtkIOSQL-6.2.lib" "C:\Program Files\VTK\lib\vtksqlite-6.2.lib" "C:\Program Files\VTK\lib\vtkIOVideo-6.2.lib" "C:\Program Files\VTK\lib\vtkLocalExample-6.2.lib" "C:\Program Files\VTK\lib\vtkRenderingFreeTypeOpenGL-6.2.lib" "C:\Program Files\VTK\lib\vtkRenderingImage-6.2.lib" "C:\Program Files\VTK\lib\vtkRenderingLIC-6.2.lib" "C:\Program Files\VTK\lib\vtkRenderingLOD-6.2.lib" "C:\Program Files\VTK\lib\vtkRenderingVolumeAMR-6.2.lib" "C:\Program Files\VTK\lib\vtkRenderingVolumeOpenGL-6.2.lib" "C:\Program Files\VTK\lib\vtkTestingGenericBridge-6.2.lib" "C:\Program Files\VTK\lib\vtkTestingIOSQL-6.2.lib" "C:\Program Files\VTK\lib\vtkTestingRendering-6.2.lib" "C:\Program Files\VTK\lib\vtkViewsContext2D-6.2.lib" "C:\Program Files\VTK\lib\vtkViewsInfovis-6.2.lib" glu32.lib comctl32.lib wsock32.lib ws2_32.lib Psapi.lib opengl32.lib kernel32.lib user32.lib gdi32.lib winspool.lib comdlg32.lib advapi32.lib shell32.lib ole32.lib oleaut32.lib uuid.lib odbc32.lib odbccp32.lib /MANIFEST /MANIFESTUAC:"level='asInvoker' uiAccess='false'" /manifest:embed /DEBUG /PDB:"c:\users\solomon\documents\visual studio 2012\Projects\Project3\Debug\Project3.pdb" /TLBID:1 /DYNAMICBASE /NXCOMPAT /IMPLIB:"c:\users\solomon\documents\visual studio 2012\Projects\Project3\Debug\Project3.lib" /MACHINE:X86 Debug\myVtkInteractorStyleImage.obj
         Debug\ReadImageData.obj
     1>myVtkInteractorStyleImage.obj : error LNK2019: unresolved external symbol "__declspec(dllimport) public: __thiscall vtkSmartPointerBase::vtkSmartPointerBase(void)" (__imp_??0vtkSmartPointerBase@@QAE@XZ) referenced in function "public: __thiscall vtkSmartPointer<class vtkCallbackCommand>::vtkSmartPointer<class vtkCallbackCommand>(void)" (??0?$vtkSmartPointer@VvtkCallbackCommand@@@@QAE@XZ)
     1>myVtkInteractorStyleImage.obj : error LNK2019: unresolved external symbol "__declspec(dllimport) public: __thiscall vtkSmartPointerBase::vtkSmartPointerBase(class vtkObjectBase *)" (__imp_??0vtkSmartPointerBase@@QAE@PAVvtkObjectBase@@@Z) referenced in function "public: __thiscall vtkSmartPointer<class myVtkInteractorStyleImage>::vtkSmartPointer<class myVtkInteractorStyleImage>(class myVtkInteractorStyleImage *)" (??0?$vtkSmartPointer@VmyVtkInteractorStyleImage@@@@QAE@PAVmyVtkInteractorStyleImage@@@Z)
     1>myVtkInteractorStyleImage.obj : error LNK2019: unresolved external symbol "__declspec(dllimport) public: __thiscall vtkSmartPointerBase::~vtkSmartPointerBase(void)" (__imp_??1vtkSmartPointerBase@@QAE@XZ) referenced in function "public: __thiscall vtkSmartPointer<class myVtkInteractorStyleImage>::~vtkSmartPointer<class myVtkInteractorStyleImage>(void)" (??1?$vtkSmartPointer@VmyVtkInteractorStyleImage@@@@QAE@XZ)
     1>ReadImageData.obj : error LNK2001: unresolved external symbol "__declspec(dllimport) public: __thiscall vtkSmartPointerBase::~vtkSmartPointerBase(void)" (__imp_??1vtkSmartPointerBase@@QAE@XZ)
     1>myVtkInteractorStyleImage.obj : error LNK2019: unresolved external symbol "__declspec(dllimport) public: class vtkSmartPointerBase & __thiscall vtkSmartPointerBase::operator=(class vtkObjectBase *)" (__imp_??4vtkSmartPointerBase@@QAEAAV0@PAVvtkObjectBase@@@Z) referenced in function "public: class vtkSmartPointer<class vtkImageViewer2> & __thiscall vtkSmartPointer<class vtkImageViewer2>::operator=(class vtkImageViewer2 *)" (??4?$vtkSmartPointer@VvtkImageViewer2@@@@QAEAAV0@PAVvtkImageViewer2@@@Z)
     1>myVtkInteractorStyleImage.obj : error LNK2019: unresolved external symbol "__declspec(dllimport) public: class vtkSmartPointerBase & __thiscall vtkSmartPointerBase::operator=(class vtkSmartPointerBase const &)" (__imp_??4vtkSmartPointerBase@@QAEAAV0@ABV0@@Z) referenced in function "public: class vtkSmartPointer<class vtkCallbackCommand> & __thiscall vtkSmartPointer<class vtkCallbackCommand>::operator=(class vtkSmartPointer<class vtkCallbackCommand> const &)" (??4?$vtkSmartPointer@VvtkCallbackCommand@@@@QAEAAV0@ABV0@@Z)
     1>myVtkInteractorStyleImage.obj : error LNK2019: unresolved external symbol "__declspec(dllimport) protected: __thiscall vtkSmartPointerBase::vtkSmartPointerBase(class vtkObjectBase *,class vtkSmartPointerBase::NoReference const &)" (__imp_??0vtkSmartPointerBase@@IAE@PAVvtkObjectBase@@ABVNoReference@0@@Z) referenced in function "protected: __thiscall vtkSmartPointer<class vtkCallbackCommand>::vtkSmartPointer<class vtkCallbackCommand>(class vtkCallbackCommand *,class vtkSmartPointerBase::NoReference const &)" (??0?$vtkSmartPointer@VvtkCallbackCommand@@@@IAE@PAVvtkCallbackCommand@@ABVNoReference@vtkSmartPointerBase@@@Z)
     1>ReadImageData.obj : error LNK2001: unresolved external symbol "__declspec(dllimport) protected: __thiscall vtkSmartPointerBase::vtkSmartPointerBase(class vtkObjectBase *,class vtkSmartPointerBase::NoReference const &)" (__imp_??0vtkSmartPointerBase@@IAE@PAVvtkObjectBase@@ABVNoReference@0@@Z)
     1>myVtkInteractorStyleImage.obj : error LNK2019: unresolved external symbol "__declspec(dllimport) public: static void * __cdecl vtkObject::operator new(unsigned int)" (__imp_??2vtkObject@@SAPAXI@Z) referenced in function "public: static class myVtkInteractorStyleImage * __cdecl myVtkInteractorStyleImage::New(void)" (?New@myVtkInteractorStyleImage@@SAPAV1@XZ)
     1>myVtkInteractorStyleImage.obj : error LNK2019: unresolved external symbol "__declspec(dllimport) public: static void __cdecl vtkObject::operator delete(void *)" (__imp_??3vtkObject@@SAXPAX@Z) referenced in function "public: virtual void * __thiscall myVtkInteractorStyleImage::`scalar deleting destructor'(unsigned int)" (??_GmyVtkInteractorStyleImage@@UAEPAXI@Z)
     1>myVtkInteractorStyleImage.obj : error LNK2019: unresolved external symbol "__declspec(dllimport) public: unsigned long __thiscall vtkObject::AddObserver(unsigned long,class vtkCommand *,float)" (__imp_?AddObserver@vtkObject@@QAEKKPAVvtkCommand@@M@Z) referenced in function "protected: virtual void __thiscall myVtkInteractorStyleImage::SetInteractor(class vtkRenderWindowInteractor *)" (?SetInteractor@myVtkInteractorStyleImage@@MAEXPAVvtkRenderWindowInteractor@@@Z)
     1>myVtkInteractorStyleImage.obj : error LNK2019: unresolved external symbol "__declspec(dllimport) public: void __thiscall vtkObject::RemoveObserver(class vtkCommand *)" (__imp_?RemoveObserver@vtkObject@@QAEXPAVvtkCommand@@@Z) referenced in function "protected: virtual void __thiscall myVtkInteractorStyleImage::SetInteractor(class vtkRenderWindowInteractor *)" (?SetInteractor@myVtkInteractorStyleImage@@MAEXPAVvtkRenderWindowInteractor@@@Z)
     1>myVtkInteractorStyleImage.obj : error LNK2019: unresolved external symbol "__declspec(dllimport) public: static class vtkCallbackCommand * __cdecl vtkCallbackCommand::New(void)" (__imp_?New@vtkCallbackCommand@@SAPAV1@XZ) referenced in function "public: static class vtkSmartPointer<class vtkCallbackCommand> __cdecl vtkSmartPointer<class vtkCallbackCommand>::New(void)" (?New@?$vtkSmartPointer@VvtkCallbackCommand@@@@SA?AV1@XZ)
     1>myVtkInteractorStyleImage.obj : error LNK2019: unresolved external symbol "__declspec(dllimport) public: static int __cdecl vtkInteractorStyleImage::IsTypeOf(char const *)" (__imp_?IsTypeOf@vtkInteractorStyleImage@@SAHPBD@Z) referenced in function "public: static int __cdecl myVtkInteractorStyleImage::IsTypeOf(char const *)" (?IsTypeOf@myVtkInteractorStyleImage@@SAHPBD@Z)
     1>myVtkInteractorStyleImage.obj : error LNK2019: unresolved external symbol "__declspec(dllimport) protected: __thiscall vtkInteractorStyleImage::vtkInteractorStyleImage(void)" (__imp_??0vtkInteractorStyleImage@@IAE@XZ) referenced in function "public: __thiscall myVtkInteractorStyleImage::myVtkInteractorStyleImage(void)" (??0myVtkInteractorStyleImage@@QAE@XZ)
     1>myVtkInteractorStyleImage.obj : error LNK2019: unresolved external symbol "__declspec(dllimport) protected: virtual __thiscall vtkInteractorStyleImage::~vtkInteractorStyleImage(void)" (__imp_??1vtkInteractorStyleImage@@MAE@XZ) referenced in function __unwindfunclet$??0myVtkInteractorStyleImage@@QAE@XZ$0
     1>myVtkInteractorStyleImage.obj : error LNK2001: unresolved external symbol "public: virtual void __thiscall vtkInteractorStyle::AutoAdjustCameraClippingRangeOff(void)" (?AutoAdjustCameraClippingRangeOff@vtkInteractorStyle@@UAEXXZ)
     1>myVtkInteractorStyleImage.obj : error LNK2001: unresolved external symbol "public: virtual void __thiscall vtkInteractorStyle::AutoAdjustCameraClippingRangeOn(void)" (?AutoAdjustCameraClippingRangeOn@vtkInteractorStyle@@UAEXXZ)
     1>myVtkInteractorStyleImage.obj : error LNK2001: unresolved external symbol "protected: virtual void __thiscall vtkObjectBase::CollectRevisions(class std::basic_ostream<char,struct std::char_traits<char> > &)" (?CollectRevisions@vtkObjectBase@@MAEXAAV?$basic_ostream@DU?$char_traits@D@std@@@std@@@Z)
     1>myVtkInteractorStyleImage.obj : error LNK2001: unresolved external symbol "public: virtual void __thiscall vtkObject::DebugOff(void)" (?DebugOff@vtkObject@@UAEXXZ)
     1>myVtkInteractorStyleImage.obj : error LNK2001: unresolved external symbol "public: virtual void __thiscall vtkObject::DebugOn(void)" (?DebugOn@vtkObject@@UAEXXZ)
     1>myVtkInteractorStyleImage.obj : error LNK2001: unresolved external symbol "public: virtual void __thiscall vtkObjectBase::Delete(void)" (?Delete@vtkObjectBase@@UAEXXZ)
     1>myVtkInteractorStyleImage.obj : error LNK2001: unresolved external symbol "protected: virtual void __thiscall vtkInteractorStyleTrackballCamera::Dolly(double)" (?Dolly@vtkInteractorStyleTrackballCamera@@MAEXN@Z)
     1>myVtkInteractorStyleImage.obj : error LNK2001: unresolved external symbol "public: virtual void __thiscall vtkInteractorStyleTrackballCamera::Dolly(void)" (?Dolly@vtkInteractorStyleTrackballCamera@@UAEXXZ)
     1>myVtkInteractorStyleImage.obj : error LNK2001: unresolved external symbol "public: virtual void __thiscall vtkInteractorStyle::EndDolly(void)" (?EndDolly@vtkInteractorStyle@@UAEXXZ)
     1>myVtkInteractorStyleImage.obj : error LNK2001: unresolved external symbol "protected: virtual void __thiscall vtkInteractorObserver::EndInteraction(void)" (?EndInteraction@vtkInteractorObserver@@MAEXXZ)
     1>myVtkInteractorStyleImage.obj : error LNK2001: unresolved external symbol "public: virtual void __thiscall vtkInteractorStyle::EndPan(void)" (?EndPan@vtkInteractorStyle@@UAEXXZ)
     1>myVtkInteractorStyleImage.obj : error LNK2001: unresolved external symbol "public: virtual void __thiscall vtkInteractorStyleImage::EndPick(void)" (?EndPick@vtkInteractorStyleImage@@UAEXXZ)
     1>myVtkInteractorStyleImage.obj : error LNK2001: unresolved external symbol "public: virtual void __thiscall vtkInteractorStyle::EndRotate(void)" (?EndRotate@vtkInteractorStyle@@UAEXXZ)
     1>myVtkInteractorStyleImage.obj : error LNK2001: unresolved external symbol "public: virtual void __thiscall vtkInteractorStyleImage::EndSlice(void)" (?EndSlice@vtkInteractorStyleImage@@UAEXXZ)
     1>myVtkInteractorStyleImage.obj : error LNK2001: unresolved external symbol "public: virtual void __thiscall vtkInteractorStyle::EndSpin(void)" (?EndSpin@vtkInteractorStyle@@UAEXXZ)
     1>myVtkInteractorStyleImage.obj : error LNK2001: unresolved external symbol "public: virtual void __thiscall vtkInteractorStyle::EndTimer(void)" (?EndTimer@vtkInteractorStyle@@UAEXXZ)
     1>myVtkInteractorStyleImage.obj : error LNK2001: unresolved external symbol "public: virtual void __thiscall vtkInteractorStyle::EndTwoPointer(void)" (?EndTwoPointer@vtkInteractorStyle@@UAEXXZ)
     1>myVtkInteractorStyleImage.obj : error LNK2001: unresolved external symbol "public: virtual void __thiscall vtkInteractorStyle::EndUniformScale(void)" (?EndUniformScale@vtkInteractorStyle@@UAEXXZ)
     1>myVtkInteractorStyleImage.obj : error LNK2001: unresolved external symbol "public: virtual void __thiscall vtkInteractorStyleImage::EndWindowLevel(void)" (?EndWindowLevel@vtkInteractorStyleImage@@UAEXXZ)
     1>myVtkInteractorStyleImage.obj : error LNK2001: unresolved external symbol "public: virtual void __thiscall vtkInteractorStyle::EndZoom(void)" (?EndZoom@vtkInteractorStyle@@UAEXXZ)
     1>myVtkInteractorStyleImage.obj : error LNK2001: unresolved external symbol "public: virtual void __thiscall vtkObjectBase::FastDelete(void)" (?FastDelete@vtkObjectBase@@UAEXXZ)
     1>myVtkInteractorStyleImage.obj : error LNK2001: unresolved external symbol "public: virtual int __thiscall vtkInteractorStyle::GetAutoAdjustCameraClippingRange(void)" (?GetAutoAdjustCameraClippingRange@vtkInteractorStyle@@UAEHXZ)
     1>myVtkInteractorStyleImage.obj : error LNK2001: unresolved external symbol "public: virtual int __thiscall vtkInteractorStyle::GetAutoAdjustCameraClippingRangeMaxValue(void)" (?GetAutoAdjustCameraClippingRangeMaxValue@vtkInteractorStyle@@UAEHXZ)
     1>myVtkInteractorStyleImage.obj : error LNK2001: unresolved external symbol "public: virtual int __thiscall vtkInteractorStyle::GetAutoAdjustCameraClippingRangeMinValue(void)" (?GetAutoAdjustCameraClippingRangeMinValue@vtkInteractorStyle@@UAEHXZ)
     1>myVtkInteractorStyleImage.obj : error LNK2001: unresolved external symbol "public: virtual class vtkRenderer * __thiscall vtkInteractorObserver::GetCurrentRenderer(void)" (?GetCurrentRenderer@vtkInteractorObserver@@UAEPAVvtkRenderer@@XZ)
     1>myVtkInteractorStyleImage.obj : error LNK2001: unresolved external symbol "public: virtual class vtkRenderer * __thiscall vtkInteractorObserver::GetDefaultRenderer(void)" (?GetDefaultRenderer@vtkInteractorObserver@@UAEPAVvtkRenderer@@XZ)
     1>myVtkInteractorStyleImage.obj : error LNK2001: unresolved external symbol "public: virtual int __thiscall vtkInteractorStyle::GetHandleObservers(void)" (?GetHandleObservers@vtkInteractorStyle@@UAEHXZ)
     1>myVtkInteractorStyleImage.obj : error LNK2001: unresolved external symbol "public: virtual int __thiscall vtkInteractorStyleImage::GetInteractionMode(void)" (?GetInteractionMode@vtkInteractorStyleImage@@UAEHXZ)
     1>myVtkInteractorStyleImage.obj : error LNK2001: unresolved external symbol "public: virtual int __thiscall vtkInteractorStyleImage::GetInteractionModeMaxValue(void)" (?GetInteractionModeMaxValue@vtkInteractorStyleImage@@UAEHXZ)
     1>myVtkInteractorStyleImage.obj : error LNK2001: unresolved external symbol "public: virtual int __thiscall vtkInteractorStyleImage::GetInteractionModeMinValue(void)" (?GetInteractionModeMinValue@vtkInteractorStyleImage@@UAEHXZ)
     1>myVtkInteractorStyleImage.obj : error LNK2001: unresolved external symbol "public: virtual class vtkRenderWindowInteractor * __thiscall vtkInteractorObserver::GetInteractor(void)" (?GetInteractor@vtkInteractorObserver@@UAEPAVvtkRenderWindowInteractor@@XZ)
     1>myVtkInteractorStyleImage.obj : error LNK2001: unresolved external symbol "public: virtual int __thiscall vtkInteractorObserver::GetKeyPressActivation(void)" (?GetKeyPressActivation@vtkInteractorObserver@@UAEHXZ)
     1>myVtkInteractorStyleImage.obj : error LNK2001: unresolved external symbol "public: virtual char __thiscall vtkInteractorObserver::GetKeyPressActivationValue(void)" (?GetKeyPressActivationValue@vtkInteractorObserver@@UAEDXZ)
     1>myVtkInteractorStyleImage.obj : error LNK2001: unresolved external symbol "public: virtual unsigned long __thiscall vtkObject::GetMTime(void)" (?GetMTime@vtkObject@@UAEKXZ)
     1>myVtkInteractorStyleImage.obj : error LNK2001: unresolved external symbol "public: virtual double __thiscall vtkInteractorStyleTrackballCamera::GetMotionFactor(void)" (?GetMotionFactor@vtkInteractorStyleTrackballCamera@@UAENXZ)
     1>myVtkInteractorStyleImage.obj : error LNK2001: unresolved external symbol "public: virtual double __thiscall vtkInteractorStyle::GetMouseWheelMotionFactor(void)" (?GetMouseWheelMotionFactor@vtkInteractorStyle@@UAENXZ)
     1>myVtkInteractorStyleImage.obj : error LNK2001: unresolved external symbol "public: virtual double * __thiscall vtkInteractorStyle::GetPickColor(void)" (?GetPickColor@vtkInteractorStyle@@UAEPANXZ)
     1>myVtkInteractorStyleImage.obj : error LNK2001: unresolved external symbol "public: virtual void __thiscall vtkInteractorStyle::GetPickColor(double * const)" (?GetPickColor@vtkInteractorStyle@@UAEXQAN@Z)
     1>myVtkInteractorStyleImage.obj : error LNK2001: unresolved external symbol "public: virtual bool __thiscall vtkInteractorObserver::GetPickingManaged(void)" (?GetPickingManaged@vtkInteractorObserver@@UAE_NXZ)
     1>myVtkInteractorStyleImage.obj : error LNK2001: unresolved external symbol "public: virtual float __thiscall vtkInteractorObserver::GetPriority(void)" (?GetPriority@vtkInteractorObserver@@UAEMXZ)
     1>myVtkInteractorStyleImage.obj : error LNK2001: unresolved external symbol "public: virtual float __thiscall vtkInteractorObserver::GetPriorityMaxValue(void)" (?GetPriorityMaxValue@vtkInteractorObserver@@UAEMXZ)
     1>myVtkInteractorStyleImage.obj : error LNK2001: unresolved external symbol "public: virtual float __thiscall vtkInteractorObserver::GetPriorityMinValue(void)" (?GetPriorityMinValue@vtkInteractorObserver@@UAEMXZ)
     1>myVtkInteractorStyleImage.obj : error LNK2001: unresolved external symbol "public: virtual int __thiscall vtkInteractorStyle::GetState(void)" (?GetState@vtkInteractorStyle@@UAEHXZ)
     1>myVtkInteractorStyleImage.obj : error LNK2001: unresolved external symbol "public: virtual class vtkTDxInteractorStyle * __thiscall vtkInteractorStyle::GetTDxStyle(void)" (?GetTDxStyle@vtkInteractorStyle@@UAEPAVvtkTDxInteractorStyle@@XZ)
     1>myVtkInteractorStyleImage.obj : error LNK2001: unresolved external symbol "public: virtual unsigned long __thiscall vtkInteractorStyle::GetTimerDuration(void)" (?GetTimerDuration@vtkInteractorStyle@@UAEKXZ)
     1>myVtkInteractorStyleImage.obj : error LNK2001: unresolved external symbol "public: virtual unsigned long __thiscall vtkInteractorStyle::GetTimerDurationMaxValue(void)" (?GetTimerDurationMaxValue@vtkInteractorStyle@@UAEKXZ)
     1>myVtkInteractorStyleImage.obj : error LNK2001: unresolved external symbol "public: virtual unsigned long __thiscall vtkInteractorStyle::GetTimerDurationMinValue(void)" (?GetTimerDurationMinValue@vtkInteractorStyle@@UAEKXZ)
     1>myVtkInteractorStyleImage.obj : error LNK2001: unresolved external symbol "public: virtual int __thiscall vtkInteractorStyle::GetUseTimers(void)" (?GetUseTimers@vtkInteractorStyle@@UAEHXZ)
     1>myVtkInteractorStyleImage.obj : error LNK2001: unresolved external symbol "public: virtual int * __thiscall vtkInteractorStyleImage::GetWindowLevelCurrentPosition(void)" (?GetWindowLevelCurrentPosition@vtkInteractorStyleImage@@UAEPAHXZ)
     1>myVtkInteractorStyleImage.obj : error LNK2001: unresolved external symbol "public: virtual void __thiscall vtkInteractorStyleImage::GetWindowLevelCurrentPosition(int &,int &)" (?GetWindowLevelCurrentPosition@vtkInteractorStyleImage@@UAEXAAH0@Z)
     1>myVtkInteractorStyleImage.obj : error LNK2001: unresolved external symbol "public: virtual void __thiscall vtkInteractorStyleImage::GetWindowLevelCurrentPosition(int * const)" (?GetWindowLevelCurrentPosition@vtkInteractorStyleImage@@UAEXQAH@Z)
     1>myVtkInteractorStyleImage.obj : error LNK2001: unresolved external symbol "public: virtual int * __thiscall vtkInteractorStyleImage::GetWindowLevelStartPosition(void)" (?GetWindowLevelStartPosition@vtkInteractorStyleImage@@UAEPAHXZ)
     1>myVtkInteractorStyleImage.obj : error LNK2001: unresolved external symbol "public: virtual void __thiscall vtkInteractorStyleImage::GetWindowLevelStartPosition(int &,int &)" (?GetWindowLevelStartPosition@vtkInteractorStyleImage@@UAEXAAH0@Z)
     1>myVtkInteractorStyleImage.obj : error LNK2001: unresolved external symbol "public: virtual void __thiscall vtkInteractorStyleImage::GetWindowLevelStartPosition(int * const)" (?GetWindowLevelStartPosition@vtkInteractorStyleImage@@UAEXQAH@Z)
     1>myVtkInteractorStyleImage.obj : error LNK2001: unresolved external symbol "public: virtual double * __thiscall vtkInteractorStyleImage::GetXViewRightVector(void)" (?GetXViewRightVector@vtkInteractorStyleImage@@UAEPANXZ)
     1>myVtkInteractorStyleImage.obj : error LNK2001: unresolved external symbol "public: virtual void __thiscall vtkInteractorStyleImage::GetXViewRightVector(double &,double &,double &)" (?GetXViewRightVector@vtkInteractorStyleImage@@UAEXAAN00@Z)
     1>myVtkInteractorStyleImage.obj : error LNK2001: unresolved external symbol "public: virtual void __thiscall vtkInteractorStyleImage::GetXViewRightVector(double * const)" (?GetXViewRightVector@vtkInteractorStyleImage@@UAEXQAN@Z)
     1>myVtkInteractorStyleImage.obj : error LNK2001: unresolved external symbol "public: virtual double * __thiscall vtkInteractorStyleImage::GetXViewUpVector(void)" (?GetXViewUpVector@vtkInteractorStyleImage@@UAEPANXZ)
     1>myVtkInteractorStyleImage.obj : error LNK2001: unresolved external symbol "public: virtual void __thiscall vtkInteractorStyleImage::GetXViewUpVector(double &,double &,double &)" (?GetXViewUpVector@vtkInteractorStyleImage@@UAEXAAN00@Z)
     1>myVtkInteractorStyleImage.obj : error LNK2001: unresolved external symbol "public: virtual void __thiscall vtkInteractorStyleImage::GetXViewUpVector(double * const)" (?GetXViewUpVector@vtkInteractorStyleImage@@UAEXQAN@Z)
     1>myVtkInteractorStyleImage.obj : error LNK2001: unresolved external symbol "public: virtual double * __thiscall vtkInteractorStyleImage::GetYViewRightVector(void)" (?GetYViewRightVector@vtkInteractorStyleImage@@UAEPANXZ)
     1>myVtkInteractorStyleImage.obj : error LNK2001: unresolved external symbol "public: virtual void __thiscall vtkInteractorStyleImage::GetYViewRightVector(double &,double &,double &)" (?GetYViewRightVector@vtkInteractorStyleImage@@UAEXAAN00@Z)
     1>myVtkInteractorStyleImage.obj : error LNK2001: unresolved external symbol "public: virtual void __thiscall vtkInteractorStyleImage::GetYViewRightVector(double * const)" (?GetYViewRightVector@vtkInteractorStyleImage@@UAEXQAN@Z)
     1>myVtkInteractorStyleImage.obj : error LNK2001: unresolved external symbol "public: virtual double * __thiscall vtkInteractorStyleImage::GetYViewUpVector(void)" (?GetYViewUpVector@vtkInteractorStyleImage@@UAEPANXZ)
     1>myVtkInteractorStyleImage.obj : error LNK2001: unresolved external symbol "public: virtual void __thiscall vtkInteractorStyleImage::GetYViewUpVector(double &,double &,double &)" (?GetYViewUpVector@vtkInteractorStyleImage@@UAEXAAN00@Z)
     1>myVtkInteractorStyleImage.obj : error LNK2001: unresolved external symbol "public: virtual void __thiscall vtkInteractorStyleImage::GetYViewUpVector(double * const)" (?GetYViewUpVector@vtkInteractorStyleImage@@UAEXQAN@Z)
     1>myVtkInteractorStyleImage.obj : error LNK2001: unresolved external symbol "public: virtual double * __thiscall vtkInteractorStyleImage::GetZViewRightVector(void)" (?GetZViewRightVector@vtkInteractorStyleImage@@UAEPANXZ)
     1>myVtkInteractorStyleImage.obj : error LNK2001: unresolved external symbol "public: virtual void __thiscall vtkInteractorStyleImage::GetZViewRightVector(double &,double &,double &)" (?GetZViewRightVector@vtkInteractorStyleImage@@UAEXAAN00@Z)
     1>myVtkInteractorStyleImage.obj : error LNK2001: unresolved external symbol "public: virtual void __thiscall vtkInteractorStyleImage::GetZViewRightVector(double * const)" (?GetZViewRightVector@vtkInteractorStyleImage@@UAEXQAN@Z)
     1>myVtkInteractorStyleImage.obj : error LNK2001: unresolved external symbol "public: virtual double * __thiscall vtkInteractorStyleImage::GetZViewUpVector(void)" (?GetZViewUpVector@vtkInteractorStyleImage@@UAEPANXZ)
     1>myVtkInteractorStyleImage.obj : error LNK2001: unresolved external symbol "public: virtual void __thiscall vtkInteractorStyleImage::GetZViewUpVector(double &,double &,double &)" (?GetZViewUpVector@vtkInteractorStyleImage@@UAEXAAN00@Z)
     1>myVtkInteractorStyleImage.obj : error LNK2001: unresolved external symbol "public: virtual void __thiscall vtkInteractorStyleImage::GetZViewUpVector(double * const)" (?GetZViewUpVector@vtkInteractorStyleImage@@UAEXQAN@Z)
     1>myVtkInteractorStyleImage.obj : error LNK2001: unresolved external symbol "public: virtual void __thiscall vtkInteractorStyle::HandleObserversOff(void)" (?HandleObserversOff@vtkInteractorStyle@@UAEXXZ)
     1>myVtkInteractorStyleImage.obj : error LNK2001: unresolved external symbol "public: virtual void __thiscall vtkInteractorStyle::HandleObserversOn(void)" (?HandleObserversOn@vtkInteractorStyle@@UAEXXZ)
     1>myVtkInteractorStyleImage.obj : error LNK2001: unresolved external symbol "public: virtual void __thiscall vtkInteractorStyle::HighlightActor2D(class vtkActor2D *)" (?HighlightActor2D@vtkInteractorStyle@@UAEXPAVvtkActor2D@@@Z)
     1>myVtkInteractorStyleImage.obj : error LNK2001: unresolved external symbol "public: virtual void __thiscall vtkInteractorStyle::HighlightProp3D(class vtkProp3D *)" (?HighlightProp3D@vtkInteractorStyle@@UAEXPAVvtkProp3D@@@Z)
     1>myVtkInteractorStyleImage.obj : error LNK2001: unresolved external symbol "public: virtual void __thiscall vtkInteractorStyle::HighlightProp(class vtkProp *)" (?HighlightProp@vtkInteractorStyle@@UAEXPAVvtkProp@@@Z)
     1>myVtkInteractorStyleImage.obj : error LNK2001: unresolved external symbol "public: virtual void __thiscall vtkInteractorObserver::KeyPressActivationOff(void)" (?KeyPressActivationOff@vtkInteractorObserver@@UAEXXZ)
     1>myVtkInteractorStyleImage.obj : error LNK2001: unresolved external symbol "public: virtual void __thiscall vtkInteractorObserver::KeyPressActivationOn(void)" (?KeyPressActivationOn@vtkInteractorObserver@@UAEXXZ)
     1>myVtkInteractorStyleImage.obj : error LNK2001: unresolved external symbol "public: virtual void __thiscall vtkObject::Modified(void)" (?Modified@vtkObject@@UAEXXZ)
     1>myVtkInteractorStyleImage.obj : error LNK2001: unresolved external symbol "public: virtual void __thiscall vtkInteractorStyleImage::OnChar(void)" (?OnChar@vtkInteractorStyleImage@@UAEXXZ)
     1>myVtkInteractorStyleImage.obj : error LNK2001: unresolved external symbol "public: virtual void __thiscall vtkInteractorStyle::OnConfigure(void)" (?OnConfigure@vtkInteractorStyle@@UAEXXZ)
     1>myVtkInteractorStyleImage.obj : error LNK2001: unresolved external symbol "public: virtual void __thiscall vtkInteractorStyle::OnEnter(void)" (?OnEnter@vtkInteractorStyle@@UAEXXZ)
     1>myVtkInteractorStyleImage.obj : error LNK2001: unresolved external symbol "public: virtual void __thiscall vtkInteractorStyle::OnExpose(void)" (?OnExpose@vtkInteractorStyle@@UAEXXZ)
     1>myVtkInteractorStyleImage.obj : error LNK2001: unresolved external symbol "public: virtual void __thiscall vtkInteractorStyle::OnKeyPress(void)" (?OnKeyPress@vtkInteractorStyle@@UAEXXZ)
     1>myVtkInteractorStyleImage.obj : error LNK2001: unresolved external symbol "public: virtual void __thiscall vtkInteractorStyle::OnKeyRelease(void)" (?OnKeyRelease@vtkInteractorStyle@@UAEXXZ)
     1>myVtkInteractorStyleImage.obj : error LNK2001: unresolved external symbol "public: virtual void __thiscall vtkInteractorStyle::OnLeave(void)" (?OnLeave@vtkInteractorStyle@@UAEXXZ)
     1>myVtkInteractorStyleImage.obj : error LNK2001: unresolved external symbol "public: virtual void __thiscall vtkInteractorStyleImage::OnLeftButtonDown(void)" (?OnLeftButtonDown@vtkInteractorStyleImage@@UAEXXZ)
     1>myVtkInteractorStyleImage.obj : error LNK2001: unresolved external symbol "public: virtual void __thiscall vtkInteractorStyleImage::OnLeftButtonUp(void)" (?OnLeftButtonUp@vtkInteractorStyleImage@@UAEXXZ)
     1>myVtkInteractorStyleImage.obj : error LNK2001: unresolved external symbol "public: virtual void __thiscall vtkInteractorStyleImage::OnMiddleButtonDown(void)" (?OnMiddleButtonDown@vtkInteractorStyleImage@@UAEXXZ)
     1>myVtkInteractorStyleImage.obj : error LNK2001: unresolved external symbol "public: virtual void __thiscall vtkInteractorStyleImage::OnMiddleButtonUp(void)" (?OnMiddleButtonUp@vtkInteractorStyleImage@@UAEXXZ)
     1>myVtkInteractorStyleImage.obj : error LNK2001: unresolved external symbol "public: virtual void __thiscall vtkInteractorStyleImage::OnMouseMove(void)" (?OnMouseMove@vtkInteractorStyleImage@@UAEXXZ)
     1>myVtkInteractorStyleImage.obj : error LNK2001: unresolved external symbol "public: virtual void __thiscall vtkInteractorStyleImage::OnRightButtonDown(void)" (?OnRightButtonDown@vtkInteractorStyleImage@@UAEXXZ)
     1>myVtkInteractorStyleImage.obj : error LNK2001: unresolved external symbol "public: virtual void __thiscall vtkInteractorStyleImage::OnRightButtonUp(void)" (?OnRightButtonUp@vtkInteractorStyleImage@@UAEXXZ)
     1>myVtkInteractorStyleImage.obj : error LNK2001: unresolved external symbol "public: virtual void __thiscall vtkInteractorStyle::OnTimer(void)" (?OnTimer@vtkInteractorStyle@@UAEXXZ)
     1>myVtkInteractorStyleImage.obj : error LNK2001: unresolved external symbol "public: virtual void __thiscall vtkInteractorStyleTrackballCamera::Pan(void)" (?Pan@vtkInteractorStyleTrackballCamera@@UAEXXZ)
     1>myVtkInteractorStyleImage.obj : error LNK2001: unresolved external symbol "public: virtual void __thiscall vtkInteractorStyleImage::Pick(void)" (?Pick@vtkInteractorStyleImage@@UAEXXZ)
     1>myVtkInteractorStyleImage.obj : error LNK2001: unresolved external symbol "protected: virtual void __thiscall vtkInteractorObserver::PickersModified(void)" (?PickersModified@vtkInteractorObserver@@MAEXXZ)
     1>myVtkInteractorStyleImage.obj : error LNK2001: unresolved external symbol "public: virtual void __thiscall vtkInteractorObserver::PickingManagedOff(void)" (?PickingManagedOff@vtkInteractorObserver@@UAEXXZ)
     1>myVtkInteractorStyleImage.obj : error LNK2001: unresolved external symbol "public: virtual void __thiscall vtkInteractorObserver::PickingManagedOn(void)" (?PickingManagedOn@vtkInteractorObserver@@UAEXXZ)
     1>myVtkInteractorStyleImage.obj : error LNK2001: unresolved external symbol "public: virtual void __thiscall vtkObjectBase::PrintHeader(class std::basic_ostream<char,struct std::char_traits<char> > &,class vtkIndent)" (?PrintHeader@vtkObjectBase@@UAEXAAV?$basic_ostream@DU?$char_traits@D@std@@@std@@VvtkIndent@@@Z)
     1>myVtkInteractorStyleImage.obj : error LNK2001: unresolved external symbol "public: virtual void __thiscall vtkInteractorStyleImage::PrintSelf(class std::basic_ostream<char,struct std::char_traits<char> > &,class vtkIndent)" (?PrintSelf@vtkInteractorStyleImage@@UAEXAAV?$basic_ostream@DU?$char_traits@D@std@@@std@@VvtkIndent@@@Z)
     1>myVtkInteractorStyleImage.obj : error LNK2001: unresolved external symbol "public: virtual void __thiscall vtkObjectBase::PrintTrailer(class std::basic_ostream<char,struct std::char_traits<char> > &,class vtkIndent)" (?PrintTrailer@vtkObjectBase@@UAEXAAV?$basic_ostream@DU?$char_traits@D@std@@@std@@VvtkIndent@@@Z)
     1>myVtkInteractorStyleImage.obj : error LNK2001: unresolved external symbol "public: virtual void __thiscall vtkObjectBase::Register(class vtkObjectBase *)" (?Register@vtkObjectBase@@UAEXPAV1@@Z)
     1>myVtkInteractorStyleImage.obj : error LNK2001: unresolved external symbol "protected: virtual void __thiscall vtkObject::RegisterInternal(class vtkObjectBase *,int)" (?RegisterInternal@vtkObject@@MAEXPAVvtkObjectBase@@H@Z)
     1>myVtkInteractorStyleImage.obj : error LNK2001: unresolved external symbol "protected: virtual void __thiscall vtkInteractorObserver::RegisterPickers(void)" (?RegisterPickers@vtkInteractorObserver@@MAEXXZ)
     1>myVtkInteractorStyleImage.obj : error LNK2001: unresolved external symbol "protected: virtual void __thiscall vtkObjectBase::ReportReferences(class vtkGarbageCollector *)" (?ReportReferences@vtkObjectBase@@MAEXPAVvtkGarbageCollector@@@Z)
     1>myVtkInteractorStyleImage.obj : error LNK2001: unresolved external symbol "public: virtual void __thiscall vtkInteractorStyleTrackballCamera::Rotate(void)" (?Rotate@vtkInteractorStyleTrackballCamera@@UAEXXZ)
     1>myVtkInteractorStyleImage.obj : error LNK2001: unresolved external symbol "public: virtual void __thiscall vtkInteractorStyle::SetAutoAdjustCameraClippingRange(int)" (?SetAutoAdjustCameraClippingRange@vtkInteractorStyle@@UAEXH@Z)
     1>myVtkInteractorStyleImage.obj : error LNK2001: unresolved external symbol "public: virtual void __thiscall vtkInteractorObserver::SetCurrentRenderer(class vtkRenderer *)" (?SetCurrentRenderer@vtkInteractorObserver@@UAEXPAVvtkRenderer@@@Z)
     1>myVtkInteractorStyleImage.obj : error LNK2001: unresolved external symbol "public: virtual void __thiscall vtkInteractorObserver::SetDefaultRenderer(class vtkRenderer *)" (?SetDefaultRenderer@vtkInteractorObserver@@UAEXPAVvtkRenderer@@@Z)
     1>myVtkInteractorStyleImage.obj : error LNK2001: unresolved external symbol "public: virtual void __thiscall vtkInteractorStyle::SetEnabled(int)" (?SetEnabled@vtkInteractorStyle@@UAEXH@Z)
     1>myVtkInteractorStyleImage.obj : error LNK2001: unresolved external symbol "public: virtual void __thiscall vtkInteractorStyle::SetHandleObservers(int)" (?SetHandleObservers@vtkInteractorStyle@@UAEXH@Z)
     1>myVtkInteractorStyleImage.obj : error LNK2001: unresolved external symbol "public: virtual void __thiscall vtkInteractorStyleImage::SetInteractionMode(int)" (?SetInteractionMode@vtkInteractorStyleImage@@UAEXH@Z)
     1>myVtkInteractorStyleImage.obj : error LNK2001: unresolved external symbol "public: virtual void __thiscall vtkInteractorObserver::SetKeyPressActivation(int)" (?SetKeyPressActivation@vtkInteractorObserver@@UAEXH@Z)
     1>myVtkInteractorStyleImage.obj : error LNK2001: unresolved external symbol "public: virtual void __thiscall vtkInteractorObserver::SetKeyPressActivationValue(char)" (?SetKeyPressActivationValue@vtkInteractorObserver@@UAEXD@Z)
     1>myVtkInteractorStyleImage.obj : error LNK2001: unresolved external symbol "public: virtual void __thiscall vtkInteractorStyleTrackballCamera::SetMotionFactor(double)" (?SetMotionFactor@vtkInteractorStyleTrackballCamera@@UAEXN@Z)
     1>myVtkInteractorStyleImage.obj : error LNK2001: unresolved external symbol "public: virtual void __thiscall vtkInteractorStyle::SetMouseWheelMotionFactor(double)" (?SetMouseWheelMotionFactor@vtkInteractorStyle@@UAEXN@Z)
     1>myVtkInteractorStyleImage.obj : error LNK2001: unresolved external symbol "public: virtual void __thiscall vtkInteractorStyle::SetPickColor(double,double,double)" (?SetPickColor@vtkInteractorStyle@@UAEXNNN@Z)
     1>myVtkInteractorStyleImage.obj : error LNK2001: unresolved external symbol "public: virtual void __thiscall vtkInteractorStyle::SetPickColor(double * const)" (?SetPickColor@vtkInteractorStyle@@UAEXQAN@Z)
     1>myVtkInteractorStyleImage.obj : error LNK2001: unresolved external symbol "public: virtual void __thiscall vtkInteractorObserver::SetPickingManaged(bool)" (?SetPickingManaged@vtkInteractorObserver@@UAEX_N@Z)
     1>myVtkInteractorStyleImage.obj : error LNK2001: unresolved external symbol "public: virtual void __thiscall vtkInteractorObserver::SetPriority(float)" (?SetPriority@vtkInteractorObserver@@UAEXM@Z)
     1>myVtkInteractorStyleImage.obj : error LNK2001: unresolved external symbol "public: virtual void __thiscall vtkInteractorStyle::SetTDxStyle(class vtkTDxInteractorStyle *)" (?SetTDxStyle@vtkInteractorStyle@@UAEXPAVvtkTDxInteractorStyle@@@Z)
     1>myVtkInteractorStyleImage.obj : error LNK2001: unresolved external symbol "public: virtual void __thiscall vtkInteractorStyle::SetTimerDuration(unsigned long)" (?SetTimerDuration@vtkInteractorStyle@@UAEXK@Z)
     1>myVtkInteractorStyleImage.obj : error LNK2001: unresolved external symbol "public: virtual void __thiscall vtkInteractorStyle::SetUseTimers(int)" (?SetUseTimers@vtkInteractorStyle@@UAEXH@Z)
     1>myVtkInteractorStyleImage.obj : error LNK2001: unresolved external symbol "public: virtual void __thiscall vtkInteractorStyleImage::SetXViewRightVector(double,double,double)" (?SetXViewRightVector@vtkInteractorStyleImage@@UAEXNNN@Z)
     1>myVtkInteractorStyleImage.obj : error LNK2001: unresolved external symbol "public: virtual void __thiscall vtkInteractorStyleImage::SetXViewRightVector(double * const)" (?SetXViewRightVector@vtkInteractorStyleImage@@UAEXQAN@Z)
     1>myVtkInteractorStyleImage.obj : error LNK2001: unresolved external symbol "public: virtual void __thiscall vtkInteractorStyleImage::SetXViewUpVector(double,double,double)" (?SetXViewUpVector@vtkInteractorStyleImage@@UAEXNNN@Z)
     1>myVtkInteractorStyleImage.obj : error LNK2001: unresolved external symbol "public: virtual void __thiscall vtkInteractorStyleImage::SetXViewUpVector(double * const)" (?SetXViewUpVector@vtkInteractorStyleImage@@UAEXQAN@Z)
     1>myVtkInteractorStyleImage.obj : error LNK2001: unresolved external symbol "public: virtual void __thiscall vtkInteractorStyleImage::SetYViewRightVector(double,double,double)" (?SetYViewRightVector@vtkInteractorStyleImage@@UAEXNNN@Z)
     1>myVtkInteractorStyleImage.obj : error LNK2001: unresolved external symbol "public: virtual void __thiscall vtkInteractorStyleImage::SetYViewRightVector(double * const)" (?SetYViewRightVector@vtkInteractorStyleImage@@UAEXQAN@Z)
     1>myVtkInteractorStyleImage.obj : error LNK2001: unresolved external symbol "public: virtual void __thiscall vtkInteractorStyleImage::SetYViewUpVector(double,double,double)" (?SetYViewUpVector@vtkInteractorStyleImage@@UAEXNNN@Z)
     1>myVtkInteractorStyleImage.obj : error LNK2001: unresolved external symbol "public: virtual void __thiscall vtkInteractorStyleImage::SetYViewUpVector(double * const)" (?SetYViewUpVector@vtkInteractorStyleImage@@UAEXQAN@Z)
     1>myVtkInteractorStyleImage.obj : error LNK2001: unresolved external symbol "public: virtual void __thiscall vtkInteractorStyleImage::SetZViewRightVector(double,double,double)" (?SetZViewRightVector@vtkInteractorStyleImage@@UAEXNNN@Z)
     1>myVtkInteractorStyleImage.obj : error LNK2001: unresolved external symbol "public: virtual void __thiscall vtkInteractorStyleImage::SetZViewRightVector(double * const)" (?SetZViewRightVector@vtkInteractorStyleImage@@UAEXQAN@Z)
     1>myVtkInteractorStyleImage.obj : error LNK2001: unresolved external symbol "public: virtual void __thiscall vtkInteractorStyleImage::SetZViewUpVector(double,double,double)" (?SetZViewUpVector@vtkInteractorStyleImage@@UAEXNNN@Z)
     1>myVtkInteractorStyleImage.obj : error LNK2001: unresolved external symbol "public: virtual void __thiscall vtkInteractorStyleImage::SetZViewUpVector(double * const)" (?SetZViewUpVector@vtkInteractorStyleImage@@UAEXQAN@Z)
     1>myVtkInteractorStyleImage.obj : error LNK2001: unresolved external symbol "public: virtual void __thiscall vtkInteractorStyleImage::Slice(void)" (?Slice@vtkInteractorStyleImage@@UAEXXZ)
     1>myVtkInteractorStyleImage.obj : error LNK2001: unresolved external symbol "public: virtual void __thiscall vtkInteractorStyleTrackballCamera::Spin(void)" (?Spin@vtkInteractorStyleTrackballCamera@@UAEXXZ)
     1>myVtkInteractorStyleImage.obj : error LNK2001: unresolved external symbol "public: virtual void __thiscall vtkInteractorStyle::StartAnimate(void)" (?StartAnimate@vtkInteractorStyle@@UAEXXZ)
     1>myVtkInteractorStyleImage.obj : error LNK2001: unresolved external symbol "public: virtual void __thiscall vtkInteractorStyle::StartDolly(void)" (?StartDolly@vtkInteractorStyle@@UAEXXZ)
     1>myVtkInteractorStyleImage.obj : error LNK2001: unresolved external symbol "protected: virtual void __thiscall vtkInteractorObserver::StartInteraction(void)" (?StartInteraction@vtkInteractorObserver@@MAEXXZ)
     1>myVtkInteractorStyleImage.obj : error LNK2001: unresolved external symbol "public: virtual void __thiscall vtkInteractorStyle::StartPan(void)" (?StartPan@vtkInteractorStyle@@UAEXXZ)
     1>myVtkInteractorStyleImage.obj : error LNK2001: unresolved external symbol "public: virtual void __thiscall vtkInteractorStyleImage::StartPick(void)" (?StartPick@vtkInteractorStyleImage@@UAEXXZ)
     1>myVtkInteractorStyleImage.obj : error LNK2001: unresolved external symbol "public: virtual void __thiscall vtkInteractorStyle::StartRotate(void)" (?StartRotate@vtkInteractorStyle@@UAEXXZ)
     1>myVtkInteractorStyleImage.obj : error LNK2001: unresolved external symbol "public: virtual void __thiscall vtkInteractorStyleImage::StartSlice(void)" (?StartSlice@vtkInteractorStyleImage@@UAEXXZ)
     1>myVtkInteractorStyleImage.obj : error LNK2001: unresolved external symbol "public: virtual void __thiscall vtkInteractorStyle::StartSpin(void)" (?StartSpin@vtkInteractorStyle@@UAEXXZ)
     1>myVtkInteractorStyleImage.obj : error LNK2001: unresolved external symbol "public: virtual void __thiscall vtkInteractorStyle::StartState(int)" (?StartState@vtkInteractorStyle@@UAEXH@Z)
     1>myVtkInteractorStyleImage.obj : error LNK2001: unresolved external symbol "public: virtual void __thiscall vtkInteractorStyle::StartTimer(void)" (?StartTimer@vtkInteractorStyle@@UAEXXZ)
     1>myVtkInteractorStyleImage.obj : error LNK2001: unresolved external symbol "public: virtual void __thiscall vtkInteractorStyle::StartTwoPointer(void)" (?StartTwoPointer@vtkInteractorStyle@@UAEXXZ)
     1>myVtkInteractorStyleImage.obj : error LNK2001: unresolved external symbol "public: virtual void __thiscall vtkInteractorStyle::StartUniformScale(void)" (?StartUniformScale@vtkInteractorStyle@@UAEXXZ)
     1>myVtkInteractorStyleImage.obj : error LNK2001: unresolved external symbol "public: virtual void __thiscall vtkInteractorStyleImage::StartWindowLevel(void)" (?StartWindowLevel@vtkInteractorStyleImage@@UAEXXZ)
     1>myVtkInteractorStyleImage.obj : error LNK2001: unresolved external symbol "public: virtual void __thiscall vtkInteractorStyle::StartZoom(void)" (?StartZoom@vtkInteractorStyle@@UAEXXZ)
     1>myVtkInteractorStyleImage.obj : error LNK2001: unresolved external symbol "public: virtual void __thiscall vtkInteractorStyle::StopAnimate(void)" (?StopAnimate@vtkInteractorStyle@@UAEXXZ)
     1>myVtkInteractorStyleImage.obj : error LNK2001: unresolved external symbol "public: virtual void __thiscall vtkInteractorStyle::StopState(void)" (?StopState@vtkInteractorStyle@@UAEXXZ)
     1>myVtkInteractorStyleImage.obj : error LNK2001: unresolved external symbol "public: virtual void __thiscall vtkObjectBase::UnRegister(class vtkObjectBase *)" (?UnRegister@vtkObjectBase@@UAEXPAV1@@Z)
     1>myVtkInteractorStyleImage.obj : error LNK2001: unresolved external symbol "protected: virtual void __thiscall vtkObject::UnRegisterInternal(class vtkObjectBase *,int)" (?UnRegisterInternal@vtkObject@@MAEXPAVvtkObjectBase@@H@Z)
     1>myVtkInteractorStyleImage.obj : error LNK2001: unresolved external symbol "public: virtual void __thiscall vtkInteractorStyle::UniformScale(void)" (?UniformScale@vtkInteractorStyle@@UAEXXZ)
     1>myVtkInteractorStyleImage.obj : error LNK2001: unresolved external symbol "public: virtual void __thiscall vtkInteractorStyle::UseTimersOff(void)" (?UseTimersOff@vtkInteractorStyle@@UAEXXZ)
     1>myVtkInteractorStyleImage.obj : error LNK2001: unresolved external symbol "public: virtual void __thiscall vtkInteractorStyle::UseTimersOn(void)" (?UseTimersOn@vtkInteractorStyle@@UAEXXZ)
     1>myVtkInteractorStyleImage.obj : error LNK2001: unresolved external symbol "public: virtual void __thiscall vtkInteractorStyleImage::WindowLevel(void)" (?WindowLevel@vtkInteractorStyleImage@@UAEXXZ)
     1>myVtkInteractorStyleImage.obj : error LNK2001: unresolved external symbol "public: virtual void __thiscall vtkInteractorStyle::Zoom(void)" (?Zoom@vtkInteractorStyle@@UAEXXZ)
     1>ReadImageData.obj : error LNK2019: unresolved external symbol "__declspec(dllimport) public: class vtkAlgorithmOutput * __thiscall vtkAlgorithm::GetOutputPort(void)" (__imp_?GetOutputPort@vtkAlgorithm@@QAEPAVvtkAlgorithmOutput@@XZ) referenced in function _main
     1>ReadImageData.obj : error LNK2019: unresolved external symbol "__declspec(dllimport) public: static class vtkStructuredPointsReader * __cdecl vtkStructuredPointsReader::New(void)" (__imp_?New@vtkStructuredPointsReader@@SAPAV1@XZ) referenced in function "public: static class vtkSmartPointer<class vtkStructuredPointsReader> __cdecl vtkSmartPointer<class vtkStructuredPointsReader>::New(void)" (?New@?$vtkSmartPointer@VvtkStructuredPointsReader@@@@SA?AV1@XZ)
     1>ReadImageData.obj : error LNK2019: unresolved external symbol "__declspec(dllimport) public: static class vtkImageViewer2 * __cdecl vtkImageViewer2::New(void)" (__imp_?New@vtkImageViewer2@@SAPAV1@XZ) referenced in function "public: static class vtkSmartPointer<class vtkImageViewer2> __cdecl vtkSmartPointer<class vtkImageViewer2>::New(void)" (?New@?$vtkSmartPointer@VvtkImageViewer2@@@@SA?AV1@XZ)
     1>ReadImageData.obj : error LNK2019: unresolved external symbol "__declspec(dllimport) public: static class vtkRenderWindowInteractor * __cdecl vtkRenderWindowInteractor::New(void)" (__imp_?New@vtkRenderWindowInteractor@@SAPAV1@XZ) referenced in function "public: static class vtkSmartPointer<class vtkRenderWindowInteractor> __cdecl vtkSmartPointer<class vtkRenderWindowInteractor>::New(void)" (?New@?$vtkSmartPointer@VvtkRenderWindowInteractor@@@@SA?AV1@XZ)
     1>ReadImageData.obj : error LNK2019: unresolved external symbol "__declspec(dllimport) public: int __thiscall vtkRenderWindowInteractor::CreateRepeatingTimer(unsigned long)" (__imp_?CreateRepeatingTimer@vtkRenderWindowInteractor@@QAEHK@Z) referenced in function _main
     1>ReadImageData.obj : error LNK2019: unresolved external symbol "__declspec(dllimport) public: void __thiscall vtkRenderer::ResetCamera(void)" (__imp_?ResetCamera@vtkRenderer@@QAEXXZ) referenced in function _main
     1>ReadImageData.obj : error LNK2019: unresolved external symbol "__declspec(dllimport) protected: virtual __thiscall Leap::Interface::~Interface(void)" (__imp_??1Interface@Leap@@MAE@XZ) referenced in function "public: virtual __thiscall Leap::FingerList::~FingerList(void)" (??1FingerList@Leap@@UAE@XZ)
     1>ReadImageData.obj : error LNK2019: unresolved external symbol "__declspec(dllimport) public: struct Leap::Vector __thiscall Leap::Pointable::tipPosition(void)const " (__imp_?tipPosition@Pointable@Leap@@QBE?AUVector@2@XZ) referenced in function "public: virtual void __thiscall SampleListener::onFrame(class Leap::Controller const &)" (?onFrame@SampleListener@@UAEXABVController@Leap@@@Z)
     1>ReadImageData.obj : error LNK2019: unresolved external symbol "__declspec(dllimport) public: class Leap::FingerList __thiscall Leap::Hand::fingers(void)const " (__imp_?fingers@Hand@Leap@@QBE?AVFingerList@2@XZ) referenced in function "public: virtual void __thiscall SampleListener::onFrame(class Leap::Controller const &)" (?onFrame@SampleListener@@UAEXABVController@Leap@@@Z)
     1>ReadImageData.obj : error LNK2019: unresolved external symbol "__declspec(dllimport) public: class Leap::Pointable __thiscall Leap::PointableList::frontmost(void)const " (__imp_?frontmost@PointableList@Leap@@QBE?AVPointable@2@XZ) referenced in function "public: virtual void __thiscall SampleListener::onFrame(class Leap::Controller const &)" (?onFrame@SampleListener@@UAEXABVController@Leap@@@Z)
     1>ReadImageData.obj : error LNK2019: unresolved external symbol "__declspec(dllimport) public: int __thiscall Leap::FingerList::count(void)const " (__imp_?count@FingerList@Leap@@QBEHXZ) referenced in function "public: virtual void __thiscall SampleListener::onFrame(class Leap::Controller const &)" (?onFrame@SampleListener@@UAEXABVController@Leap@@@Z)
     1>ReadImageData.obj : error LNK2019: unresolved external symbol "__declspec(dllimport) public: bool __thiscall Leap::FingerList::isEmpty(void)const " (__imp_?isEmpty@FingerList@Leap@@QBE_NXZ) referenced in function "public: virtual void __thiscall SampleListener::onFrame(class Leap::Controller const &)" (?onFrame@SampleListener@@UAEXABVController@Leap@@@Z)
     1>ReadImageData.obj : error LNK2019: unresolved external symbol "__declspec(dllimport) public: class Leap::Finger __thiscall Leap::FingerList::operator[](int)const " (__imp_??AFingerList@Leap@@QBE?AVFinger@1@H@Z) referenced in function "public: virtual void __thiscall SampleListener::onFrame(class Leap::Controller const &)" (?onFrame@SampleListener@@UAEXABVController@Leap@@@Z)
     1>ReadImageData.obj : error LNK2019: unresolved external symbol "__declspec(dllimport) public: bool __thiscall Leap::HandList::isEmpty(void)const " (__imp_?isEmpty@HandList@Leap@@QBE_NXZ) referenced in function "public: virtual void __thiscall SampleListener::onFrame(class Leap::Controller const &)" (?onFrame@SampleListener@@UAEXABVController@Leap@@@Z)
     1>ReadImageData.obj : error LNK2019: unresolved external symbol "__declspec(dllimport) public: class Leap::Hand __thiscall Leap::HandList::operator[](int)const " (__imp_??AHandList@Leap@@QBE?AVHand@1@H@Z) referenced in function "public: virtual void __thiscall SampleListener::onFrame(class Leap::Controller const &)" (?onFrame@SampleListener@@UAEXABVController@Leap@@@Z)
     1>ReadImageData.obj : error LNK2019: unresolved external symbol "__declspec(dllimport) public: class Leap::HandList __thiscall Leap::Frame::hands(void)const " (__imp_?hands@Frame@Leap@@QBE?AVHandList@2@XZ) referenced in function "public: virtual void __thiscall SampleListener::onFrame(class Leap::Controller const &)" (?onFrame@SampleListener@@UAEXABVController@Leap@@@Z)
     1>ReadImageData.obj : error LNK2019: unresolved external symbol "__declspec(dllimport) public: class Leap::PointableList __thiscall Leap::Frame::pointables(void)const " (__imp_?pointables@Frame@Leap@@QBE?AVPointableList@2@XZ) referenced in function "public: virtual void __thiscall SampleListener::onFrame(class Leap::Controller const &)" (?onFrame@SampleListener@@UAEXABVController@Leap@@@Z)
     1>ReadImageData.obj : error LNK2019: unresolved external symbol "__declspec(dllimport) public: __thiscall Leap::Controller::Controller(void)" (__imp_??0Controller@Leap@@QAE@XZ) referenced in function _main
     1>ReadImageData.obj : error LNK2019: unresolved external symbol "__declspec(dllimport) public: virtual __thiscall Leap::Controller::~Controller(void)" (__imp_??1Controller@Leap@@UAE@XZ) referenced in function _main
     1>ReadImageData.obj : error LNK2019: unresolved external symbol "__declspec(dllimport) public: bool __thiscall Leap::Controller::addListener(class Leap::Listener &)" (__imp_?addListener@Controller@Leap@@QAE_NAAVListener@2@@Z) referenced in function _main
     1>ReadImageData.obj : error LNK2019: unresolved external symbol "__declspec(dllimport) public: bool __thiscall Leap::Controller::removeListener(class Leap::Listener &)" (__imp_?removeListener@Controller@Leap@@QAE_NAAVListener@2@@Z) referenced in function _main
     1>ReadImageData.obj : error LNK2019: unresolved external symbol "__declspec(dllimport) public: class Leap::Frame __thiscall Leap::Controller::frame(int)const " (__imp_?frame@Controller@Leap@@QBE?AVFrame@2@H@Z) referenced in function "public: virtual void __thiscall SampleListener::onFrame(class Leap::Controller const &)" (?onFrame@SampleListener@@UAEXABVController@Leap@@@Z)
     1>ReadImageData.obj : error LNK2019: unresolved external symbol "__declspec(dllimport) public: void __thiscall Leap::Controller::enableGesture(enum Leap::Gesture::Type,bool)const " (__imp_?enableGesture@Controller@Leap@@QBEXW4Type@Gesture@2@_N@Z) referenced in function "public: virtual void __thiscall SampleListener::onConnect(class Leap::Controller const &)" (?onConnect@SampleListener@@UAEXABVController@Leap@@@Z)
     1>ReadImageData.obj : error LNK2019: unresolved external symbol "__declspec(dllimport) public: __thiscall Leap::Listener::Listener(void)" (__imp_??0Listener@Leap@@QAE@XZ) referenced in function "public: __thiscall SampleListener::SampleListener(void)" (??0SampleListener@@QAE@XZ)
     1>ReadImageData.obj : error LNK2019: unresolved external symbol "__declspec(dllimport) public: virtual __thiscall Leap::Listener::~Listener(void)" (__imp_??1Listener@Leap@@UAE@XZ) referenced in function "public: virtual __thiscall SampleListener::~SampleListener(void)" (??1SampleListener@@UAE@XZ)
     1>ReadImageData.obj : error LNK2001: unresolved external symbol "public: virtual void __thiscall Leap::Listener::onDeviceChange(class Leap::Controller const &)" (?onDeviceChange@Listener@Leap@@UAEXABVController@2@@Z)
     1>ReadImageData.obj : error LNK2001: unresolved external symbol "public: virtual void __thiscall Leap::Listener::onServiceConnect(class Leap::Controller const &)" (?onServiceConnect@Listener@Leap@@UAEXABVController@2@@Z)
     1>ReadImageData.obj : error LNK2001: unresolved external symbol "public: virtual void __thiscall Leap::Listener::onServiceDisconnect(class Leap::Controller const &)" (?onServiceDisconnect@Listener@Leap@@UAEXABVController@2@@Z)
     1>c:\users\solomon\documents\visual studio 2012\Projects\Project3\Debug\Project3.exe : fatal error LNK1120: 204 unresolved externals
     1>Done Building Project "c:\Users\Solomon\documents\visual studio 2012\Projects\Project3\Project3\Project3.vcxproj" (Rebuild target(s)) -- FAILED.

Build FAILED.

Time Elapsed 00:00:02.81
