C:\USERS\SOLOMON\DOCUMENTS\VISUAL STUDIO 2012\PROJECTS\PROJECT3\PROJECT3\X64\DEBUG\MYVTKINTERACTORSTYLEIMAGE.OBJ
C:\USERS\SOLOMON\DOCUMENTS\VISUAL STUDIO 2012\PROJECTS\PROJECT3\PROJECT3\X64\DEBUG\READIMAGEDATA.OBJ
C:\USERS\SOLOMON\DOCUMENTS\VISUAL STUDIO 2012\PROJECTS\PROJECT3\PROJECT3\X64\DEBUG\VC110.PDB
C:\USERS\SOLOMON\DOCUMENTS\VISUAL STUDIO 2012\PROJECTS\PROJECT3\X64\DEBUG\PROJECT3.ILK
C:\USERS\SOLOMON\DOCUMENTS\VISUAL STUDIO 2012\PROJECTS\PROJECT3\X64\DEBUG\PROJECT3.EXE
C:\USERS\SOLOMON\DOCUMENTS\VISUAL STUDIO 2012\PROJECTS\PROJECT3\X64\DEBUG\PROJECT3.PDB
C:\Users\Solomon\Documents\visual studio 2012\Projects\Project3\Project3\x64\Debug\myVtkInteractorStyleImage.obj
C:\Users\Solomon\Documents\visual studio 2012\Projects\Project3\Project3\x64\Debug\ReadImageData.obj
C:\Users\Solomon\Documents\visual studio 2012\Projects\Project3\Project3\x64\Debug\cl.command.1.tlog
C:\Users\Solomon\Documents\visual studio 2012\Projects\Project3\Project3\x64\Debug\CL.read.1.tlog
C:\Users\Solomon\Documents\visual studio 2012\Projects\Project3\Project3\x64\Debug\CL.write.1.tlog
C:\Users\Solomon\Documents\visual studio 2012\Projects\Project3\Project3\x64\Debug\link-cvtres.read.1.tlog
C:\Users\Solomon\Documents\visual studio 2012\Projects\Project3\Project3\x64\Debug\link-cvtres.write.1.tlog
C:\Users\Solomon\Documents\visual studio 2012\Projects\Project3\Project3\x64\Debug\link-rc.read.1.tlog
C:\Users\Solomon\Documents\visual studio 2012\Projects\Project3\Project3\x64\Debug\link-rc.write.1.tlog
C:\Users\Solomon\Documents\visual studio 2012\Projects\Project3\Project3\x64\Debug\link.command.1.tlog
C:\Users\Solomon\Documents\visual studio 2012\Projects\Project3\Project3\x64\Debug\link.read.1.tlog
C:\Users\Solomon\Documents\visual studio 2012\Projects\Project3\Project3\x64\Debug\link.write.1.tlog
C:\Users\Solomon\Documents\visual studio 2012\Projects\Project3\Project3\x64\Debug\vc110.idb
C:\Users\Solomon\Documents\visual studio 2012\Projects\Project3\Project3\x64\Debug\vc110.pdb
C:\Users\Solomon\Documents\Visual Studio 2012\Projects\Project3\x64\Debug\Project3.pdb
C:\Users\Solomon\Documents\Visual Studio 2012\Projects\Project3\x64\Debug\Project3.exe
C:\Users\Solomon\Documents\Visual Studio 2012\Projects\Project3\x64\Debug\Project3.ilk
